<?xml version="1.0" encoding="UTF-8"?>
<testsuite xmlns:xsi="http://www.w3.org/2001/XMLSchema-instance" xsi:noNamespaceSchemaLocation="https://maven.apache.org/surefire/maven-surefire-plugin/xsd/surefire-test-report-3.0.xsd" version="3.0" name="com.yc.utils.JwtTokenUtilTest" time="10.342" tests="2" errors="0" skipped="0" failures="0">
  <properties>
[...]
</properties>
  <testcase name="decodeJWT" classname="com.yc.utils.JwtTokenUtilTest" time="0.846">
    <system-out><![CDATA[19:48:22.888 [main] INFO org.springframework.boot.devtools.restart.RestartApplicationListener -- Restart disabled due to context in which it is running

  .   ____          _            __ _ _
 /\\ / ___'_ __ _ _(_)_ __  __ _ \ \ \ \
( ( )\___ | '_ | '_| | '_ \/ _` | \ \ \ \
 \\/  ___)| |_)| | | | | || (_| |  ) ) ) )
  '  |____| .__|_| |_|_| |_\__, | / / / /
 =========|_|==============|___/=/_/_/_/
 :: Spring Boot ::                (v3.2.8)

2024-09-03T19:48:24.410+08:00  INFO 11008 --- [res-security] [           main] com.yc.utils.JwtTokenUtilTest            : Starting JwtTokenUtilTest using Java 17.0.4.1 with PID 11008 (started by DELL in C:\ideaprojects\res_cloud\res-security)
2024-09-03T19:48:24.414+08:00  INFO 11008 --- [res-security] [           main] com.yc.utils.JwtTokenUtilTest            : The following 1 profile is active: "dev"
2024-09-03T19:48:25.574+08:00  INFO 11008 --- [res-security] [           main] .s.d.r.c.RepositoryConfigurationDelegate : Multiple Spring Data modules found, entering strict repository configuration mode
2024-09-03T19:48:25.577+08:00  INFO 11008 --- [res-security] [           main] .s.d.r.c.RepositoryConfigurationDelegate : Bootstrapping Spring Data Redis repositories in DEFAULT mode.
2024-09-03T19:48:25.609+08:00  INFO 11008 --- [res-security] [           main] .s.d.r.c.RepositoryConfigurationDelegate : Finished Spring Data repository scanning in 14 ms. Found 0 Redis repository interfaces.
2024-09-03T19:48:25.750+08:00  WARN 11008 --- [res-security] [           main] o.m.s.mapper.ClassPathMapperScanner      : No MyBatis mapper was found in '[com.yc.dao]' package. Please check your configuration.
2024-09-03T19:48:25.842+08:00  INFO 11008 --- [res-security] [           main] o.s.cloud.context.scope.GenericScope     : BeanFactory id=d302df67-b54c-34ba-b018-24becdbeaa5a
2024-09-03T19:48:28.356+08:00  INFO 11008 --- [res-security] [           main] o.s.cloud.commons.util.InetUtils         : Cannot determine local hostname
2024-09-03T19:48:28.602+08:00  INFO 11008 --- [res-security] [           main] c.a.d.s.b.a.DruidDataSourceAutoConfigure : Init DruidDataSource
2024-09-03T19:48:29.090+08:00  INFO 11008 --- [res-security] [           main] com.alibaba.druid.pool.DruidDataSource   : {dataSource-1} inited
Logging initialized using 'class org.apache.ibatis.logging.stdout.StdOutImpl' adapter.
Get /169.254.164.211 network interface 
Get network interface info: name:eth36 (Hyper-V Virtual Ethernet Adapter #2)
Initialization Sequence datacenterId:15 workerId:20
 _ _   |_  _ _|_. ___ _ |    _ 
| | |\/|_)(_| | |_\  |_)||_|_\ 
     /               |         
                        3.5.7 
2024-09-03T19:48:31.895+08:00  INFO 11008 --- [res-security] [           main] o.s.cloud.commons.util.InetUtils         : Cannot determine local hostname
2024-09-03T19:48:31.913+08:00  INFO 11008 --- [res-security] [           main] o.s.b.a.e.web.EndpointLinksResolver      : Exposing 18 endpoint(s) beneath base path '/actuator'
2024-09-03T19:48:31.993+08:00  INFO 11008 --- [res-security] [           main] com.yc.utils.JwtTokenUtilTest            : Started JwtTokenUtilTest in 9.117 seconds (process running for 9.863)
sub:测试jwt生成token 
name:张三
role:admin
exp:1725355841318
iat:29341d65-de21-4ecb-a818-c96edc13b3e8
失效了没？true
]]></system-out>
  </testcase>
  <testcase name="encodeJWT" classname="com.yc.utils.JwtTokenUtilTest" time="0.041">
    <system-out><![CDATA[2024-09-03T19:48:32.900+08:00  INFO 11008 --- [res-security] [           main] com.yc.utils.JwtTokenUtilTest            : eyJ0eXAiOiJKV1QiLCJhbGciOiJIUzI1NiJ9.eyJzdWIiOiLmtYvor5Vqd3TnlJ_miJB0b2tlbiIsInJvbGUiOiJhZG1pbiIsIm5hbWUiOiLlvKDkuIkiLCJleHAiOjE3MjUzNjQxMTI4NjUsImlhdCI6IjZjMjM4ZjM1LWJjNDctNDEyMi1iOTMzLWI3OGIyN2ZhYzhiYyJ9.tK2v8Z3OM2X27pBHjv-0OhuMGsUPHQGh_MvLJQxwZFQ
]]></system-out>
  </testcase>
</testsuite>